[debug] ----------------------------------------------------------------------
[debug] Command:      C:\Program Files\nodejs\node.exe C:\Users\toluw\AppData\Roaming\npm\node_modules\firebase-tools\bin\firebase init
[debug] CLI Version:  3.0.7
[debug] Platform:     win32
[debug] Node Version: v4.5.0
[debug] Time:         Sat Sep 17 2016 20:22:41 GMT-0400 (Eastern Daylight Time)
[debug] ----------------------------------------------------------------------
[debug] 
[debug] > command requires scopes: ["email","openid","https://www.googleapis.com/auth/cloudplatformprojects.readonly","https://www.googleapis.com/auth/firebase"]
[info] 
     ######## #### ########  ######## ########     ###     ######  ########
     ##        ##  ##     ## ##       ##     ##  ##   ##  ##       ##
     ######    ##  ########  ######   ########  #########  ######  ######
     ##        ##  ##    ##  ##       ##     ## ##     ##       ## ##
     ##       #### ##     ## ######## ########  ##     ##  ######  ########

You're about to initialize a Firebase project in this directory:

  C:\Users\toluw\Downloads\eatsuite

[debug] Error: EPERM: operation not permitted, rename 'C:\Users\toluw\.config\configstore\firebase-tools.json.1184616932' -> 'C:\Users\toluw\.config\configstore\firebase-tools.json'
    at Error (native)
    at Object.fs.renameSync (fs.js:681:18)
    at Function.writeFileSync [as sync] (C:\Users\toluw\AppData\Roaming\npm\node_modules\firebase-tools\node_modules\configstore\node_modules\write-file-atomic\index.js:81:8)
    at Object.create.all.set (C:\Users\toluw\AppData\Roaming\npm\node_modules\firebase-tools\node_modules\configstore\index.js:62:21)
    at Object.Configstore.set (C:\Users\toluw\AppData\Roaming\npm\node_modules\firebase-tools\node_modules\configstore\index.js:93:11)
    at Request._callback (C:\Users\toluw\AppData\Roaming\npm\node_modules\firebase-tools\lib\fetchMOTD.js:51:19)
    at Request.self.callback (C:\Users\toluw\AppData\Roaming\npm\node_modules\firebase-tools\node_modules\request\request.js:187:22)
    at emitTwo (events.js:87:13)
    at Request.emit (events.js:172:7)
    at Request.<anonymous> (C:\Users\toluw\AppData\Roaming\npm\node_modules\firebase-tools\node_modules\request\request.js:1048:10)
[error] 
[error] Error: An unexpected error has occurred.
[debug] ----------------------------------------------------------------------
[debug] Command:      C:\Program Files\nodejs\node.exe C:\Users\toluw\AppData\Roaming\npm\node_modules\firebase-tools\bin\firebase init
[debug] CLI Version:  3.0.7
[debug] Platform:     win32
[debug] Node Version: v4.5.0
[debug] Time:         Sat Sep 17 2016 20:25:22 GMT-0400 (Eastern Daylight Time)
[debug] ----------------------------------------------------------------------
[debug] 
[warn] !  "firebase" key in firebase.json is deprecated. Run firebase use --add instead
[warn] !  Deprecation Warning: Firebase Hosting configuration should be moved under "hosting" key.
[debug] > command requires scopes: ["email","openid","https://www.googleapis.com/auth/cloudplatformprojects.readonly","https://www.googleapis.com/auth/firebase"]
[warn] !  "firebase" key in firebase.json is deprecated. Run firebase use --add instead
[warn] !  Deprecation Warning: Firebase Hosting configuration should be moved under "hosting" key.
[info] 
     ######## #### ########  ######## ########     ###     ######  ########
     ##        ##  ##     ## ##       ##     ##  ##   ##  ##       ##
     ######    ##  ########  ######   ########  #########  ######  ######
     ##        ##  ##    ##  ##       ##     ## ##     ##       ## ##
     ##       #### ##     ## ######## ########  ##     ##  ######  ########

You're about to initialize a Firebase project in this directory:

  C:\Users\toluw\Downloads\eatsuite

Before we get started, keep in mind:

  * You are initializing in an existing Firebase project directory

[debug] Error: EPERM: operation not permitted, rename 'C:\Users\toluw\.config\configstore\firebase-tools.json.1837631033' -> 'C:\Users\toluw\.config\configstore\firebase-tools.json'
    at Error (native)
    at Object.fs.renameSync (fs.js:681:18)
    at Function.writeFileSync [as sync] (C:\Users\toluw\AppData\Roaming\npm\node_modules\firebase-tools\node_modules\configstore\node_modules\write-file-atomic\index.js:81:8)
    at Object.create.all.set (C:\Users\toluw\AppData\Roaming\npm\node_modules\firebase-tools\node_modules\configstore\index.js:62:21)
    at Object.Configstore.set (C:\Users\toluw\AppData\Roaming\npm\node_modules\firebase-tools\node_modules\configstore\index.js:93:11)
    at Request._callback (C:\Users\toluw\AppData\Roaming\npm\node_modules\firebase-tools\lib\fetchMOTD.js:51:19)
    at Request.self.callback (C:\Users\toluw\AppData\Roaming\npm\node_modules\firebase-tools\node_modules\request\request.js:187:22)
    at emitTwo (events.js:87:13)
    at Request.emit (events.js:172:7)
    at Request.<anonymous> (C:\Users\toluw\AppData\Roaming\npm\node_modules\firebase-tools\node_modules\request\request.js:1048:10)
[error] 
[error] Error: An unexpected error has occurred.
[debug] ----------------------------------------------------------------------
[debug] Command:      C:\Program Files\nodejs\node.exe C:\Users\toluw\AppData\Roaming\npm\node_modules\firebase-tools\bin\firebase serve
[debug] CLI Version:  3.0.7
[debug] Platform:     win32
[debug] Node Version: v4.5.0
[debug] Time:         Sat Sep 17 2016 20:25:36 GMT-0400 (Eastern Daylight Time)
[debug] ----------------------------------------------------------------------
[debug] 
[warn] !  "firebase" key in firebase.json is deprecated. Run firebase use --add instead
[warn] !  Deprecation Warning: Firebase Hosting configuration should be moved under "hosting" key.
[info] Starting Firebase development server...
[info] 
[info] Project Directory: C:\Users\toluw\Downloads\eatsuite
[info] 
[info] Server listening at: http://localhost:5000
[debug] Error: EPERM: operation not permitted, rename 'C:\Users\toluw\.config\configstore\firebase-tools.json.3700157993' -> 'C:\Users\toluw\.config\configstore\firebase-tools.json'
    at Error (native)
    at Object.fs.renameSync (fs.js:681:18)
    at Function.writeFileSync [as sync] (C:\Users\toluw\AppData\Roaming\npm\node_modules\firebase-tools\node_modules\configstore\node_modules\write-file-atomic\index.js:81:8)
    at Object.create.all.set (C:\Users\toluw\AppData\Roaming\npm\node_modules\firebase-tools\node_modules\configstore\index.js:62:21)
    at Object.Configstore.set (C:\Users\toluw\AppData\Roaming\npm\node_modules\firebase-tools\node_modules\configstore\index.js:93:11)
    at Request._callback (C:\Users\toluw\AppData\Roaming\npm\node_modules\firebase-tools\lib\fetchMOTD.js:51:19)
    at Request.self.callback (C:\Users\toluw\AppData\Roaming\npm\node_modules\firebase-tools\node_modules\request\request.js:187:22)
    at emitTwo (events.js:87:13)
    at Request.emit (events.js:172:7)
    at Request.<anonymous> (C:\Users\toluw\AppData\Roaming\npm\node_modules\firebase-tools\node_modules\request\request.js:1048:10)
[error] 
[error] Error: An unexpected error has occurred.
[debug] ----------------------------------------------------------------------
[debug] Command:      C:\Program Files\nodejs\node.exe C:\Users\toluw\AppData\Roaming\npm\node_modules\firebase-tools\bin\firebase serve
[debug] CLI Version:  3.0.7
[debug] Platform:     win32
[debug] Node Version: v4.5.0
[debug] Time:         Sat Sep 17 2016 20:26:39 GMT-0400 (Eastern Daylight Time)
[debug] ----------------------------------------------------------------------
[debug] 
[warn] !  "firebase" key in firebase.json is deprecated. Run firebase use --add instead
[warn] !  Deprecation Warning: Firebase Hosting configuration should be moved under "hosting" key.
[info] Starting Firebase development server...
[info] 
[info] Project Directory: C:\Users\toluw\Downloads\eatsuite
[info] 
[info] Server listening at: http://localhost:5000
[debug] Error: EPERM: operation not permitted, rename 'C:\Users\toluw\.config\configstore\firebase-tools.json.3273183014' -> 'C:\Users\toluw\.config\configstore\firebase-tools.json'
    at Error (native)
    at Object.fs.renameSync (fs.js:681:18)
    at Function.writeFileSync [as sync] (C:\Users\toluw\AppData\Roaming\npm\node_modules\firebase-tools\node_modules\configstore\node_modules\write-file-atomic\index.js:81:8)
    at Object.create.all.set (C:\Users\toluw\AppData\Roaming\npm\node_modules\firebase-tools\node_modules\configstore\index.js:62:21)
    at Object.Configstore.set (C:\Users\toluw\AppData\Roaming\npm\node_modules\firebase-tools\node_modules\configstore\index.js:93:11)
    at Request._callback (C:\Users\toluw\AppData\Roaming\npm\node_modules\firebase-tools\lib\fetchMOTD.js:51:19)
    at Request.self.callback (C:\Users\toluw\AppData\Roaming\npm\node_modules\firebase-tools\node_modules\request\request.js:187:22)
    at emitTwo (events.js:87:13)
    at Request.emit (events.js:172:7)
    at Request.<anonymous> (C:\Users\toluw\AppData\Roaming\npm\node_modules\firebase-tools\node_modules\request\request.js:1048:10)
[error] 
[error] Error: An unexpected error has occurred.
